<?xml version="1.0" encoding="UTF-8"?>
<!-- Generated by org.testng.reporters.JUnitReportReporter -->
<testsuite hostname="ip-172-31-25-243" failures="0" tests="3" name="restAssuredBDD.ReqResTest" time="2.730" errors="0" timestamp="10 Oct 2024 09:18:56 GMT" skipped="0">
  <testcase classname="restAssuredBDD.ReqResTest" name="Test01getAllEmployee" time="2.122"/>
  <testcase classname="restAssuredBDD.ReqResTest" name="createEmployee" time="0.512"/>
  <testcase classname="restAssuredBDD.ReqResTest" name="Test02getSingleEmployee" time="0.096"/>
</testsuite> <!-- restAssuredBDD.ReqResTest -->
